2021-12-17 20:58:33.846  INFO 2984 --- [restartedMain] c.b.e.EmployeePayRollAppApplication      : Starting EmployeePayRollAppApplication using Java 17.0.1 on DESKTOP-9HUN574 with PID 2984 (G:\study\Bridgelabz -064\EmployeePayrollAppv1.1\Employee_payroll_App_Sprin_Boot\target\classes started by Shree in G:\study\Bridgelabz -064\EmployeePayrollAppv1.1\Employee_payroll_App_Sprin_Boot)
2021-12-17 20:58:33.848 DEBUG 2984 --- [restartedMain] c.b.e.EmployeePayRollAppApplication      : Running with Spring Boot v2.6.1, Spring v5.3.13
2021-12-17 20:58:33.849  INFO 2984 --- [restartedMain] c.b.e.EmployeePayRollAppApplication      : No active profile set, falling back to default profiles: default
2021-12-17 20:58:36.528  WARN 2984 --- [restartedMain] JpaBaseConfiguration$JpaWebConfiguration : spring.jpa.open-in-view is enabled by default. Therefore, database queries may be performed during view rendering. Explicitly configure spring.jpa.open-in-view to disable this warning
2021-12-17 20:58:36.836  INFO 2984 --- [restartedMain] c.b.e.EmployeePayRollAppApplication      : Started EmployeePayRollAppApplication in 3.38 seconds (JVM running for 4.211)
2021-12-17 21:24:44.199  INFO 13156 --- [restartedMain] c.b.e.EmployeePayRollAppApplication      : Starting EmployeePayRollAppApplication using Java 17.0.1 on DESKTOP-9HUN574 with PID 13156 (G:\study\Bridgelabz -064\EmployeePayrollAppv1.1\Employee_payroll_App_Sprin_Boot\target\classes started by Shree in G:\study\Bridgelabz -064\EmployeePayrollAppv1.1\Employee_payroll_App_Sprin_Boot)
2021-12-17 21:24:44.200 DEBUG 13156 --- [restartedMain] c.b.e.EmployeePayRollAppApplication      : Running with Spring Boot v2.6.1, Spring v5.3.13
2021-12-17 21:24:44.201  INFO 13156 --- [restartedMain] c.b.e.EmployeePayRollAppApplication      : No active profile set, falling back to default profiles: default
2021-12-17 21:24:48.418  WARN 13156 --- [restartedMain] JpaBaseConfiguration$JpaWebConfiguration : spring.jpa.open-in-view is enabled by default. Therefore, database queries may be performed during view rendering. Explicitly configure spring.jpa.open-in-view to disable this warning
2021-12-17 21:24:48.771  INFO 13156 --- [restartedMain] c.b.e.EmployeePayRollAppApplication      : Started EmployeePayRollAppApplication in 5.074 seconds (JVM running for 6.055)
2021-12-17 21:29:31.969  INFO 14776 --- [restartedMain] c.b.e.EmployeePayRollAppApplication      : Starting EmployeePayRollAppApplication using Java 17.0.1 on DESKTOP-9HUN574 with PID 14776 (G:\study\Bridgelabz -064\EmployeePayrollAppv1.1\Employee_payroll_App_Sprin_Boot\target\classes started by Shree in G:\study\Bridgelabz -064\EmployeePayrollAppv1.1\Employee_payroll_App_Sprin_Boot)
2021-12-17 21:29:31.970 DEBUG 14776 --- [restartedMain] c.b.e.EmployeePayRollAppApplication      : Running with Spring Boot v2.6.1, Spring v5.3.13
2021-12-17 21:29:31.971  INFO 14776 --- [restartedMain] c.b.e.EmployeePayRollAppApplication      : No active profile set, falling back to default profiles: default
2021-12-17 21:29:34.711  WARN 14776 --- [restartedMain] JpaBaseConfiguration$JpaWebConfiguration : spring.jpa.open-in-view is enabled by default. Therefore, database queries may be performed during view rendering. Explicitly configure spring.jpa.open-in-view to disable this warning
2021-12-17 21:29:35.114  INFO 14776 --- [restartedMain] c.b.e.EmployeePayRollAppApplication      : Started EmployeePayRollAppApplication in 3.573 seconds (JVM running for 4.377)
2021-12-17 21:34:06.427  INFO 3360 --- [restartedMain] c.b.e.EmployeePayRollAppApplication      : Starting EmployeePayRollAppApplication using Java 17.0.1 on DESKTOP-9HUN574 with PID 3360 (G:\study\Bridgelabz -064\EmployeePayrollAppv1.1\Employee_payroll_App_Sprin_Boot\target\classes started by Shree in G:\study\Bridgelabz -064\EmployeePayrollAppv1.1\Employee_payroll_App_Sprin_Boot)
2021-12-17 21:34:06.429 DEBUG 3360 --- [restartedMain] c.b.e.EmployeePayRollAppApplication      : Running with Spring Boot v2.6.1, Spring v5.3.13
2021-12-17 21:34:06.429  INFO 3360 --- [restartedMain] c.b.e.EmployeePayRollAppApplication      : No active profile set, falling back to default profiles: default
2021-12-17 21:34:09.599  WARN 3360 --- [restartedMain] JpaBaseConfiguration$JpaWebConfiguration : spring.jpa.open-in-view is enabled by default. Therefore, database queries may be performed during view rendering. Explicitly configure spring.jpa.open-in-view to disable this warning
2021-12-17 21:34:09.989  INFO 3360 --- [restartedMain] c.b.e.EmployeePayRollAppApplication      : Started EmployeePayRollAppApplication in 4.141 seconds (JVM running for 5.051)
2021-12-17 21:59:26.686  INFO 14520 --- [restartedMain] c.b.e.EmployeePayRollAppApplication      : Starting EmployeePayRollAppApplication using Java 17.0.1 on DESKTOP-9HUN574 with PID 14520 (G:\study\Bridgelabz -064\EmployeePayrollAppv1.1\Employee_payroll_App_Sprin_Boot\target\classes started by Shree in G:\study\Bridgelabz -064\EmployeePayrollAppv1.1\Employee_payroll_App_Sprin_Boot)
2021-12-17 21:59:26.689 DEBUG 14520 --- [restartedMain] c.b.e.EmployeePayRollAppApplication      : Running with Spring Boot v2.6.1, Spring v5.3.13
2021-12-17 21:59:26.689  INFO 14520 --- [restartedMain] c.b.e.EmployeePayRollAppApplication      : The following profiles are active: dev
2021-12-17 21:59:29.522  WARN 14520 --- [restartedMain] JpaBaseConfiguration$JpaWebConfiguration : spring.jpa.open-in-view is enabled by default. Therefore, database queries may be performed during view rendering. Explicitly configure spring.jpa.open-in-view to disable this warning
2021-12-17 21:59:29.841  INFO 14520 --- [restartedMain] c.b.e.EmployeePayRollAppApplication      : Started EmployeePayRollAppApplication in 3.638 seconds (JVM running for 4.6)
2021-12-17 21:59:29.844  INFO 14520 --- [restartedMain] c.b.e.EmployeePayRollAppApplication      : Employee Payroll App Started in DEV Environment
2021-12-17 21:59:29.845  INFO 14520 --- [restartedMain] c.b.e.EmployeePayRollAppApplication      : Employee Payroll DB User is root
2021-12-17 21:59:29.845  INFO 14520 --- [restartedMain] c.b.e.EmployeePayRollAppApplication      : Test message of Slf4j
